
============================================================
$ terraform init -upgrade
============================================================
Initializing the backend...
Initializing provider plugins...
- Finding hashicorp/aws versions matching "~> 5.0"...
- Finding hashicorp/tls versions matching "~> 4.0"...
- Installing hashicorp/aws v5.100.0...
- Installed hashicorp/aws v5.100.0 (signed by HashiCorp)
- Installing hashicorp/tls v4.2.1...
- Installed hashicorp/tls v4.2.1 (signed by HashiCorp)
Terraform has created a lock file .terraform.lock.hcl to record the provider
selections it made above. Include this file in your version control repository
so that Terraform can guarantee to make the same selections by default when
you run "terraform init" in the future.

Terraform has been successfully initialized!

============================================================
$ terraform plan -var-file=C:\Users\Akram.Khan\Documents\platform\backend\terraform_workspaces\1\terraform.tfvars -out=tfplan
============================================================

Terraform used the selected providers to generate the following execution
plan. Resource actions are indicated with the following symbols:
  + create

Terraform will perform the following actions:

  # aws_instance.this will be created
  + resource "aws_instance" "this" {
      + ami                                  = "ami-0f58b397bc5c1f2e8"
      + arn                                  = (known after apply)
      + associate_public_ip_address          = (known after apply)
      + availability_zone                    = (known after apply)
      + cpu_core_count                       = (known after apply)
      + cpu_threads_per_core                 = (known after apply)
      + disable_api_stop                     = (known after apply)
      + disable_api_termination              = (known after apply)
      + ebs_optimized                        = (known after apply)
      + enable_primary_ipv6                  = (known after apply)
      + get_password_data                    = false
      + host_id                              = (known after apply)
      + host_resource_group_arn              = (known after apply)
      + iam_instance_profile                 = (known after apply)
      + id                                   = (known after apply)
      + instance_initiated_shutdown_behavior = (known after apply)
      + instance_lifecycle                   = (known after apply)
      + instance_state                       = (known after apply)
      + instance_type                        = "t3.micro"
      + ipv6_address_count                   = (known after apply)
      + ipv6_addresses                       = (known after apply)
      + key_name                             = "dev-key-terra"
      + monitoring                           = (known after apply)
      + outpost_arn                          = (known after apply)
      + password_data                        = (known after apply)
      + placement_group                      = (known after apply)
      + placement_partition_number           = (known after apply)
      + primary_network_interface_id         = (known after apply)
      + private_dns                          = (known after apply)
      + private_ip                           = (known after apply)
      + public_dns                           = (known after apply)
      + public_ip                            = (known after apply)
      + secondary_private_ips                = (known after apply)
      + security_groups                      = (known after apply)
      + source_dest_check                    = true
      + spot_instance_request_id             = (known after apply)
      + subnet_id                            = (known after apply)
      + tags                                 = {
          + "Environment" = "dev"
          + "ManagedBy"   = "terraform"
          + "Name"        = "sods"
        }
      + tags_all                             = {
          + "Environment" = "dev"
          + "ManagedBy"   = "terraform"
          + "Name"        = "sods"
        }
      + tenancy                              = (known after apply)
      + user_data                            = (known after apply)
      + user_data_base64                     = (known after apply)
      + user_data_replace_on_change          = false
      + vpc_security_group_ids               = (known after apply)

      + capacity_reservation_specification (known after apply)

      + cpu_options (known after apply)

      + ebs_block_device (known after apply)

      + enclave_options (known after apply)

      + ephemeral_block_device (known after apply)

      + instance_market_options (known after apply)

      + maintenance_options (known after apply)

      + metadata_options (known after apply)

      + network_interface (known after apply)

      + private_dns_name_options (known after apply)

      + root_block_device (known after apply)
    }

  # aws_internet_gateway.this will be created
  + resource "aws_internet_gateway" "this" {
      + arn      = (known after apply)
      + id       = (known after apply)
      + owner_id = (known after apply)
      + tags     = {
          + "Name" = "sods-igw"
        }
      + tags_all = {
          + "Name" = "sods-igw"
        }
      + vpc_id   = (known after apply)
    }

  # aws_key_pair.this will be created
  + resource "aws_key_pair" "this" {
      + arn             = (known after apply)
      + fingerprint     = (known after apply)
      + id              = (known after apply)
      + key_name        = "dev-key-terra"
      + key_name_prefix = (known after apply)
      + key_pair_id     = (known after apply)
      + key_type        = (known after apply)
      + public_key      = (known after apply)
      + tags_all        = (known after apply)
    }

  # aws_route_table.this will be created
  + resource "aws_route_table" "this" {
      + arn              = (known after apply)
      + id               = (known after apply)
      + owner_id         = (known after apply)
      + propagating_vgws = (known after apply)
      + route            = [
          + {
              + cidr_block                 = "0.0.0.0/0"
              + gateway_id                 = (known after apply)
                # (11 unchanged attributes hidden)
            },
        ]
      + tags             = {
          + "Name" = "sods-rt"
        }
      + tags_all         = {
          + "Name" = "sods-rt"
        }
      + vpc_id           = (known after apply)
    }

  # aws_route_table_association.this will be created
  + resource "aws_route_table_association" "this" {
      + id             = (known after apply)
      + route_table_id = (known after apply)
      + subnet_id      = (known after apply)
    }

  # aws_security_group.this will be created
  + resource "aws_security_group" "this" {
      + arn                    = (known after apply)
      + description            = "Auto-created by AIonOS platform"
      + egress                 = [
          + {
              + cidr_blocks      = [
                  + "0.0.0.0/0",
                ]
              + from_port        = 0
              + ipv6_cidr_blocks = []
              + prefix_list_ids  = []
              + protocol         = "-1"
              + security_groups  = []
              + self             = false
              + to_port          = 0
                # (1 unchanged attribute hidden)
            },
        ]
      + id                     = (known after apply)
      + ingress                = [
          + {
              + cidr_blocks      = [
                  + "0.0.0.0/0",
                ]
              + from_port        = 22
              + ipv6_cidr_blocks = []
              + prefix_list_ids  = []
              + protocol         = "tcp"
              + security_groups  = []
              + self             = false
              + to_port          = 22
                # (1 unchanged attribute hidden)
            },
          + {
              + cidr_blocks      = [
                  + "0.0.0.0/0",
                ]
              + from_port        = 80
              + ipv6_cidr_blocks = []
              + prefix_list_ids  = []
              + protocol         = "tcp"
              + security_groups  = []
              + self             = false
              + to_port          = 80
                # (1 unchanged attribute hidden)
            },
        ]
      + name                   = "sods-sg"
      + name_prefix            = (known after apply)
      + owner_id               = (known after apply)
      + revoke_rules_on_delete = false
      + tags                   = {
          + "Name" = "sods-sg"
        }
      + tags_all               = {
          + "Name" = "sods-sg"
        }
      + vpc_id                 = (known after apply)
    }

  # aws_subnet.this will be created
  + resource "aws_subnet" "this" {
      + arn                                            = (known after apply)
      + assign_ipv6_address_on_creation                = false
      + availability_zone                              = (known after apply)
      + availability_zone_id                           = (known after apply)
      + cidr_block                                     = "10.0.1.0/24"
      + enable_dns64                                   = false
      + enable_resource_name_dns_a_record_on_launch    = false
      + enable_resource_name_dns_aaaa_record_on_launch = false
      + id                                             = (known after apply)
      + ipv6_cidr_block_association_id                 = (known after apply)
      + ipv6_native                                    = false
      + map_public_ip_on_launch                        = true
      + owner_id                                       = (known after apply)
      + private_dns_hostname_type_on_launch            = (known after apply)
      + tags                                           = {
          + "Name" = "sods-subnet"
        }
      + tags_all                                       = {
          + "Name" = "sods-subnet"
        }
      + vpc_id                                         = (known after apply)
    }

  # aws_vpc.this will be created
  + resource "aws_vpc" "this" {
      + arn                                  = (known after apply)
      + cidr_block                           = "10.0.0.0/16"
      + default_network_acl_id               = (known after apply)
      + default_route_table_id               = (known after apply)
      + default_security_group_id            = (known after apply)
      + dhcp_options_id                      = (known after apply)
      + enable_dns_hostnames                 = true
      + enable_dns_support                   = true
      + enable_network_address_usage_metrics = (known after apply)
      + id                                   = (known after apply)
      + instance_tenancy                     = "default"
      + ipv6_association_id                  = (known after apply)
      + ipv6_cidr_block                      = (known after apply)
      + ipv6_cidr_block_network_border_group = (known after apply)
      + main_route_table_id                  = (known after apply)
      + owner_id                             = (known after apply)
      + tags                                 = {
          + "Name" = "sods-vpc"
        }
      + tags_all                             = {
          + "Name" = "sods-vpc"
        }
    }

  # tls_private_key.this will be created
  + resource "tls_private_key" "this" {
      + algorithm                     = "RSA"
      + ecdsa_curve                   = "P224"
      + id                            = (known after apply)
      + private_key_openssh           = (sensitive value)
      + private_key_pem               = (sensitive value)
      + private_key_pem_pkcs8         = (sensitive value)
      + public_key_fingerprint_md5    = (known after apply)
      + public_key_fingerprint_sha256 = (known after apply)
      + public_key_openssh            = (known after apply)
      + public_key_pem                = (known after apply)
      + rsa_bits                      = 4096
    }

Plan: 9 to add, 0 to change, 0 to destroy.

Changes to Outputs:
  + instance_id = (known after apply)
  + public_ip   = (known after apply)

Warning: Value for undeclared variable

The root module does not declare a variable named "subnet_id" but a value was
found in file
"C:\\Users\\Akram.Khan\\Documents\\platform\\backend\\terraform_workspaces\\1\\terraform.tfvars".
If you meant to use this value, add a "variable" block to the configuration.

To silence these warnings, use TF_VAR_... environment variables to provide
certain "global" settings to all configurations in your organization. To
reduce the verbosity of these warnings, use the -compact-warnings option.

Warning: Value for undeclared variable

The root module does not declare a variable named "security_group_ids" but a
value was found in file
"C:\\Users\\Akram.Khan\\Documents\\platform\\backend\\terraform_workspaces\\1\\terraform.tfvars".
If you meant to use this value, add a "variable" block to the configuration.

To silence these warnings, use TF_VAR_... environment variables to provide
certain "global" settings to all configurations in your organization. To
reduce the verbosity of these warnings, use the -compact-warnings option.

============================================================
$ terraform apply -auto-approve tfplan
============================================================
tls_private_key.this: Creating...
aws_vpc.this: Creating...
tls_private_key.this: Creation complete after 2s [id=8a2d31fe489a0e96dd4b456d731aecff6589a05a]
aws_key_pair.this: Creating...
aws_key_pair.this: Creation complete after 1s [id=dev-key-terra]
aws_vpc.this: Still creating... [00m10s elapsed]
aws_vpc.this: Creation complete after 13s [id=vpc-04e6a6f883e221712]
aws_internet_gateway.this: Creating...
aws_subnet.this: Creating...
aws_security_group.this: Creating...
aws_internet_gateway.this: Creation complete after 0s [id=igw-048d43e4188ada982]
aws_route_table.this: Creating...
aws_route_table.this: Creation complete after 2s [id=rtb-055f9bb7e5916f2e1]
aws_security_group.this: Creation complete after 4s [id=sg-09c614d9ab67d7b40]
aws_subnet.this: Still creating... [00m10s elapsed]
aws_subnet.this: Creation complete after 11s [id=subnet-0a0820fabc3c70770]
aws_route_table_association.this: Creating...
aws_instance.this: Creating...
aws_route_table_association.this: Creation complete after 1s [id=rtbassoc-09eaa5150332651e4]
aws_instance.this: Still creating... [00m10s elapsed]
aws_instance.this: Creation complete after 15s [id=i-0af94090b60099c30]

Warning: Value for undeclared variable

The root module does not declare a variable named "subnet_id" but a value was
found in file "terraform.tfvars". If you meant to use this value, add a
"variable" block to the configuration.

To silence these warnings, use TF_VAR_... environment variables to provide
certain "global" settings to all configurations in your organization. To
reduce the verbosity of these warnings, use the -compact-warnings option.

Warning: Value for undeclared variable

The root module does not declare a variable named "security_group_ids" but a
value was found in file "terraform.tfvars". If you meant to use this value,
add a "variable" block to the configuration.

To silence these warnings, use TF_VAR_... environment variables to provide
certain "global" settings to all configurations in your organization. To
reduce the verbosity of these warnings, use the -compact-warnings option.

Apply complete! Resources: 9 added, 0 changed, 0 destroyed.

Outputs:

instance_id = "i-0af94090b60099c30"
public_ip = "65.2.150.109"
